1640801301403	geckodriver	INFO	Listening on 127.0.0.1:61301
1640801304477	mozrunner::runner	INFO	Running command: "C:\\Program Files\\Mozilla Firefox\\firefox.exe" "--marionette" "--remote-debugging-port" "61302" "-no-remote" "-profile" "C:\\Users\\princ\\AppData\\Local\\Temp\\rust_mozprofileZYnM6l"
1640801304947	Marionette	INFO	Marionette enabled
console.warn: SearchSettings: "get: No settings file exists, new profile?" (new NotFoundError("Could not open the file at C:\\Users\\princ\\AppData\\Local\\Temp\\rust_mozprofileZYnM6l\\search.json.mozlz4", (void 0)))
DevTools listening on ws://localhost:61302/devtools/browser/4b35619d-44d4-4a53-8c7d-e19b82095bf8
1640801308121	Marionette	INFO	Listening on port 61307
1640801308220	RemoteAgent	WARN	TLS certificate errors will be ignored for this session
1640801312075	Marionette	INFO	Stopped listening on port 61307
1640801313000	geckodriver	INFO	Listening on 127.0.0.1:61367
1640801316059	mozrunner::runner	INFO	Running command: "C:\\Program Files\\Mozilla Firefox\\firefox.exe" "--marionette" "--remote-debugging-port" "61368" "-no-remote" "-profile" "C:\\Users\\princ\\AppData\\Local\\Temp\\rust_mozprofileye6dzl"
1640801316497	Marionette	INFO	Marionette enabled
console.warn: SearchSettings: "get: No settings file exists, new profile?" (new NotFoundError("Could not open the file at C:\\Users\\princ\\AppData\\Local\\Temp\\rust_mozprofileye6dzl\\search.json.mozlz4", (void 0)))
DevTools listening on ws://localhost:61368/devtools/browser/df6eec76-d6ac-4fe1-ab93-1a5c55ecb3f3
1640801319190	Marionette	INFO	Listening on port 61373
1640801319244	RemoteAgent	WARN	TLS certificate errors will be ignored for this session
1640801332757	Marionette	INFO	Stopped listening on port 61373
1641198264792	geckodriver	INFO	Listening on 127.0.0.1:60036
1641198267862	mozrunner::runner	INFO	Running command: "C:\\Program Files\\Mozilla Firefox\\firefox.exe" "--marionette" "--remote-debugging-port" "60037" "-no-remote" "-profile" "C:\\Users\\princ\\AppData\\Local\\Temp\\rust_mozprofileUCFRNy"
1641198269019	Marionette	INFO	Marionette enabled
console.warn: SearchSettings: "get: No settings file exists, new profile?" (new NotFoundError("Could not open the file at C:\\Users\\princ\\AppData\\Local\\Temp\\rust_mozprofileUCFRNy\\search.json.mozlz4", (void 0)))
DevTools listening on ws://localhost:60037/devtools/browser/50b4a0e6-6f91-4bb9-bc65-9410f21d9f4f
1641198272356	Marionette	INFO	Listening on port 60042
1641198272691	RemoteAgent	WARN	TLS certificate errors will be ignored for this session
1641198290447	Marionette	INFO	Stopped listening on port 60042

###!!! [Parent][MessageChannel] Error: (msgtype=0x39007A,name=PContent::Msg_DestroyBrowsingContextGroup) Closed channel: cannot send/recv


###!!! [Parent][RunMessage] Error: Channel closing: too late to send/recv, messages will be lost

1641198291450	geckodriver	INFO	Listening on 127.0.0.1:60096
1641198294508	mozrunner::runner	INFO	Running command: "C:\\Program Files\\Mozilla Firefox\\firefox.exe" "--marionette" "--remote-debugging-port" "60097" "-no-remote" "-profile" "C:\\Users\\princ\\AppData\\Local\\Temp\\rust_mozprofilePjAM7b"
1641198294978	Marionette	INFO	Marionette enabled
console.warn: SearchSettings: "get: No settings file exists, new profile?" (new NotFoundError("Could not open the file at C:\\Users\\princ\\AppData\\Local\\Temp\\rust_mozprofilePjAM7b\\search.json.mozlz4", (void 0)))
DevTools listening on ws://localhost:60097/devtools/browser/29adbdd9-017d-4c6b-8d1c-fd26510e5f4a
1641198297950	Marionette	INFO	Listening on port 60102
1641198298208	RemoteAgent	WARN	TLS certificate errors will be ignored for this session
1641198316597	Marionette	WARN	TimedPromise timed out after 500 ms: stacktrace:
TimedPromise/<@chrome://remote/content/marionette/sync.js:238:19
TimedPromise@chrome://remote/content/marionette/sync.js:223:10
interaction.flushEventLoop@chrome://remote/content/marionette/interaction.js:431:10
webdriverClickElement@chrome://remote/content/marionette/interaction.js:179:31
send@https://admin-demo.nopcommerce.com/lib_npm/jquery/jquery.min.js:2:82613
ajax@https://admin-demo.nopcommerce.com/lib_npm/jquery/jquery.min.js:2:78223
s.ajax@https://admin-demo.nopcommerce.com/lib_npm/jquery-migrate/jquery-migrate.min.js:2:3931
init@https://admin-demo.nopcommerce.com/js/admin.navigation.js:59:11
initOnce@https://admin-demo.nopcommerce.com/js/admin.navigation.js:93:17
init@https://admin-demo.nopcommerce.com/js/admin.search.js:75:30
@https://admin-demo.nopcommerce.com/Admin/Customer/List:156:46
e@https://admin-demo.nopcommerce.com/lib_npm/jquery/jquery.min.js:2:30005
Deferred/then/l/</t<@https://admin-demo.nopcommerce.com/lib_npm/jquery/jquery.min.js:2:30307
console.log: WebExtensions: reset-default-search: starting.
console.log: WebExtensions: reset-default-search: No addons in our list are installed.
1641210912736	Marionette	INFO	Stopped listening on port 60102
console.warn: TopSitesFeed: Failed to fetch data from Contile server: NetworkError when attempting to fetch resource.

###!!! [Parent][RunMessage] Error: Channel closing: too late to send/recv, messages will be lost

